#-----------------------------------------------------------
# xsim v2025.1 (64-bit)
# SW Build 6140274 on Wed May 21 22:58:25 MDT 2025
# IP Build 6138677 on Thu May 22 03:10:11 MDT 2025
# SharedData Build 6139179 on Tue May 20 17:58:58 MDT 2025
# Start of session at: Tue Dec 23 20:20:35 2025
# Process ID         : 100055
# Current directory  : /home/link/CODE/projects/AdiRiscV
# Command line       : xsim -mode tcl -source {xsim.dir/regfile_sim/xsim_script.tcl}
# Log file           : /home/link/CODE/projects/AdiRiscV/xsim.log
# Journal file       : /home/link/CODE/projects/AdiRiscV/xsim.jou
# Running On         : Link
# Platform           : Ubuntu
# Operating System   : Ubuntu 24.04.3 LTS
# Processor Detail   : 12th Gen Intel(R) Core(TM) i5-1240P
# CPU Frequency      : 400.000 MHz
# CPU Physical cores : 12
# CPU Logical cores  : 16
# Host memory        : 16457 MB
# Swap memory        : 4294 MB
# Total Virtual      : 20752 MB
# Available Virtual  : 16353 MB
#-----------------------------------------------------------
source xsim.dir/regfile_sim/xsim_script.tcl
# xsim {regfile_sim} -autoloadwcfg -runall
Time resolution is 1 ps
run -all
PASS: Reg  1: 00000001
PASS: Reg  2: 00000010
Error: FAIL: Reg  3: expected 00000000, got 00000100
Time: 145 ps  Iteration: 0  Process: /regfile_tb/test_read  Scope: regfile_tb.test_read  File: /home/link/CODE/projects/AdiRiscV/tb/regfile_tb.v Line: 51
Complte
$finish called at time : 245 ps : File "/home/link/CODE/projects/AdiRiscV/tb/regfile_tb.v" Line 74
exit
INFO: [Common 17-206] Exiting xsim at Tue Dec 23 20:20:37 2025...
